"../../../Engine/Content/Functions/Engine_MaterialFunctions01/Shading/PowerToRoughness.uasset" 0
"../../../Engine/Content/Functions/Engine_MaterialFunctions01/Shading/PowerToRoughness.uexp" 1
"../../../Engine/Content/Functions/Engine_MaterialFunctions01/Shading/ConvertFromDiffSpec.uasset" 2
"../../../Engine/Content/Functions/Engine_MaterialFunctions01/Shading/ConvertFromDiffSpec.uexp" 3
"../../../Engine/Content/EngineSounds/Master.uasset" 4
"../../../Engine/Content/EngineSounds/Master.uexp" 5
"../../../Engine/Content/EngineSky/T_Sky_Stars.ubulk" 6
"../../../Engine/Content/EngineSky/T_Sky_Stars.uasset" 7
"../../../Engine/Content/EngineSky/T_Sky_Stars.uexp" 8
"../../../Engine/Content/EngineSky/T_Sky_Clouds_M.ubulk" 9
"../../../Engine/Content/EngineSky/T_Sky_Clouds_M.uasset" 10
"../../../Engine/Content/EngineSky/T_Sky_Clouds_M.uexp" 11
"../../../Engine/Content/EngineSky/T_Sky_Blue.ubulk" 12
"../../../Engine/Content/EngineSky/T_Sky_Blue.uasset" 13
"../../../Engine/Content/EngineSky/T_Sky_Blue.uexp" 14
"../../../Engine/Content/EngineSky/M_Sky_Panning_Clouds2.uasset" 15
"../../../Engine/Content/EngineSky/M_Sky_Panning_Clouds2.uexp" 16
"../../../Engine/Content/EngineSky/SM_SkySphere.ubulk" 17
"../../../Engine/Content/EngineSky/SM_SkySphere.uasset" 18
"../../../Engine/Content/EngineSky/SM_SkySphere.uexp" 19
"../../../Engine/Content/EngineSky/M_SimpleSkyDome.uasset" 20
"../../../Engine/Content/EngineSky/M_SimpleSkyDome.uexp" 21
"../../../Engine/Content/EngineSky/VolumetricClouds/CloudWeatherTexture.uasset" 22
"../../../Engine/Content/EngineSky/VolumetricClouds/CloudWeatherTexture.uexp" 23
"../../../Engine/Content/Functions/Engine_MaterialFunctions02/Utility/MakeFloat2.uasset" 24
"../../../Engine/Content/Functions/Engine_MaterialFunctions02/Utility/MakeFloat2.uexp" 25
"../../../Engine/Content/EngineSky/VolumetricClouds/CloudGradientTexture.uasset" 26
"../../../Engine/Content/EngineSky/VolumetricClouds/CloudGradientTexture.uexp" 27
"../../../Engine/Content/EngineSky/VolumetricClouds/T_NoiseShape64.ubulk" 28
"../../../Engine/Content/EngineSky/VolumetricClouds/T_NoiseShape64.uasset" 29
"../../../Engine/Content/EngineSky/VolumetricClouds/T_NoiseShape64.uexp" 30
"../../../Engine/Content/EngineSky/VolumetricClouds/T_VolumeNoiseShape64.uasset" 31
"../../../Engine/Content/EngineSky/VolumetricClouds/T_VolumeNoiseShape64.uexp" 32
"../../../Engine/Content/EngineSky/VolumetricClouds/T_NoiseErosion.ubulk" 33
"../../../Engine/Content/EngineSky/VolumetricClouds/T_NoiseErosion.uasset" 34
"../../../Engine/Content/EngineSky/VolumetricClouds/T_NoiseErosion.uexp" 35
"../../../Engine/Content/EngineSky/VolumetricClouds/T_VolumeNoiseErosion32.uasset" 36
"../../../Engine/Content/EngineSky/VolumetricClouds/T_VolumeNoiseErosion32.uexp" 37
"../../../Engine/Content/EngineSky/VolumetricClouds/m_SimpleVolumetricCloud.uasset" 38
"../../../Engine/Content/EngineSky/VolumetricClouds/m_SimpleVolumetricCloud.uexp" 39
"../../../Engine/Content/EngineSky/VolumetricClouds/m_SimpleVolumetricCloud_Inst.uasset" 40
"../../../Engine/Content/EngineSky/VolumetricClouds/m_SimpleVolumetricCloud_Inst.uexp" 41
"../../../Engine/Content/EngineResources/GradientTexture0.uasset" 42
"../../../Engine/Content/EngineResources/GradientTexture0.uexp" 43
"../../../Engine/Content/EngineResources/DefaultVolumeTexture2D.uasset" 44
"../../../Engine/Content/EngineResources/DefaultVolumeTexture2D.uexp" 45
"../../../Engine/Content/EngineResources/DefaultVolumeTexture.uasset" 46
"../../../Engine/Content/EngineResources/DefaultVolumeTexture.uexp" 47
"../../../Engine/Content/EngineResources/DefaultTextureCube.uasset" 48
"../../../Engine/Content/EngineResources/DefaultTextureCube.uexp" 49
"../../../Engine/Content/EngineResources/DefaultTexture.ubulk" 50
"../../../Engine/Content/EngineResources/DefaultTexture.uasset" 51
"../../../Engine/Content/EngineResources/DefaultTexture.uexp" 52
"../../../Engine/Content/EngineResources/Black.uasset" 53
"../../../Engine/Content/EngineResources/Black.uexp" 54
"../../../Engine/Content/EngineResources/FilmGrains/Marcie_Grain_v3_128_M2_000.uasset" 55
"../../../Engine/Content/EngineResources/FilmGrains/Marcie_Grain_v3_128_M2_000.uexp" 56
"../../../Engine/Content/EngineMeshes/Sphere.ubulk" 57
"../../../Engine/Content/EngineMeshes/Sphere.uasset" 58
"../../../Engine/Content/EngineMeshes/Sphere.uexp" 59
"../../../Engine/Content/EngineResources/WhiteSquareTexture.uasset" 60
"../../../Engine/Content/EngineResources/WhiteSquareTexture.uexp" 61
"../../../Engine/Content/EngineMaterials/Widget3DPassThrough.uasset" 62
"../../../Engine/Content/EngineMaterials/Widget3DPassThrough.uexp" 63
"../../../Engine/Content/EngineMaterials/Widget3DPassThrough_Translucent.uasset" 64
"../../../Engine/Content/EngineMaterials/Widget3DPassThrough_Translucent.uexp" 65
"../../../Engine/Content/EngineMaterials/Widget3DPassThrough_Translucent_OneSided.uasset" 66
"../../../Engine/Content/EngineMaterials/Widget3DPassThrough_Translucent_OneSided.uexp" 67
"../../../Engine/Content/EngineMaterials/Widget3DPassThrough_Opaque.uasset" 68
"../../../Engine/Content/EngineMaterials/Widget3DPassThrough_Opaque.uexp" 69
"../../../Engine/Content/EngineMaterials/Widget3DPassThrough_Opaque_OneSided.uasset" 70
"../../../Engine/Content/EngineMaterials/Widget3DPassThrough_Opaque_OneSided.uexp" 71
"../../../Engine/Content/EngineMaterials/Widget3DPassThrough_Masked_OneSided.uasset" 72
"../../../Engine/Content/EngineMaterials/Widget3DPassThrough_Masked_OneSided.uexp" 73
"../../../Engine/Content/EngineMaterials/Widget3DPassThrough_Masked.uasset" 74
"../../../Engine/Content/EngineMaterials/Widget3DPassThrough_Masked.uexp" 75
"../../../Engine/Content/EngineMaterials/WeightMapPlaceholderTexture.uasset" 76
"../../../Engine/Content/EngineMaterials/WeightMapPlaceholderTexture.uexp" 77
"../../../Engine/Content/EngineMaterials/RemoveSurfaceMaterial.uasset" 78
"../../../Engine/Content/EngineMaterials/RemoveSurfaceMaterial.uexp" 79
"../../../Engine/Content/EngineMaterials/PreintegratedSkinBRDF.uasset" 80
"../../../Engine/Content/EngineMaterials/PreintegratedSkinBRDF.uexp" 81
"../../../Engine/Content/EngineMaterials/DefaultCalibrationGrayscale.uasset" 82
"../../../Engine/Content/EngineMaterials/DefaultCalibrationGrayscale.uexp" 83
"../../../Engine/Content/EngineMaterials/PPM_DefaultCalibrationGrayscale.uasset" 84
"../../../Engine/Content/EngineMaterials/PPM_DefaultCalibrationGrayscale.uexp" 85
"../../../Engine/Content/EngineMaterials/DefaultCalibrationColor.uasset" 86
"../../../Engine/Content/EngineMaterials/DefaultCalibrationColor.uexp" 87
"../../../Engine/Content/EngineMaterials/PPM_DefaultCalibrationColor.uasset" 88
"../../../Engine/Content/EngineMaterials/PPM_DefaultCalibrationColor.uexp" 89
"../../../Engine/Content/Functions/Engine_MaterialFunctions02/WorldPositionOffset/CameraOffset.uasset" 90
"../../../Engine/Content/Functions/Engine_MaterialFunctions02/WorldPositionOffset/CameraOffset.uexp" 91
"../../../Engine/Content/EngineMaterials/PhAT_JointLimitMaterial.uasset" 92
"../../../Engine/Content/EngineMaterials/PhAT_JointLimitMaterial.uexp" 93
"../../../Engine/Content/EngineMaterials/InvalidLightmapSettings.ubulk" 94
"../../../Engine/Content/EngineMaterials/InvalidLightmapSettings.uasset" 95
"../../../Engine/Content/EngineMaterials/InvalidLightmapSettings.uexp" 96
"../../../Engine/Content/EngineMaterials/M_InvalidLightmapSettings.uasset" 97
"../../../Engine/Content/EngineMaterials/M_InvalidLightmapSettings.uexp" 98
"../../../Engine/Content/EngineMaterials/MiniFont.uasset" 99
"../../../Engine/Content/EngineMaterials/MiniFont.uexp" 100
"../../../Engine/Content/EngineMaterials/Good64x64TilingNoiseHighFreq.uasset" 101
"../../../Engine/Content/EngineMaterials/Good64x64TilingNoiseHighFreq.uexp" 102
"../../../Engine/Content/EngineMaterials/GizmoMaterial.uasset" 103
"../../../Engine/Content/EngineMaterials/GizmoMaterial.uexp" 104
"../../../Engine/Content/EngineMaterials/BaseFlattenEmissiveMap_VT.uasset" 105
"../../../Engine/Content/EngineMaterials/BaseFlattenEmissiveMap_VT.uexp" 106
"../../../Engine/Content/EngineMaterials/BaseFlattenGrayscaleMap_VT.uasset" 107
"../../../Engine/Content/EngineMaterials/BaseFlattenGrayscaleMap_VT.uexp" 108
"../../../Engine/Content/EngineMaterials/BaseFlattenLinearColor_VT.uasset" 109
"../../../Engine/Content/EngineMaterials/BaseFlattenLinearColor_VT.uexp" 110
"../../../Engine/Content/EngineMaterials/Black_1x1_EXR_Texture_VT.uasset" 111
"../../../Engine/Content/EngineMaterials/Black_1x1_EXR_Texture_VT.uexp" 112
"../../../Engine/Content/EngineMaterials/BaseFlattenDiffuseMap_VT.uasset" 113
"../../../Engine/Content/EngineMaterials/BaseFlattenDiffuseMap_VT.uexp" 114
"../../../Engine/Content/EngineMaterials/BaseFlattenNormalMap_VT.uasset" 115
"../../../Engine/Content/EngineMaterials/BaseFlattenNormalMap_VT.uexp" 116
"../../../Engine/Content/EngineMaterials/FlattenMaterial_WS_Normal_VT.uasset" 117
"../../../Engine/Content/EngineMaterials/FlattenMaterial_WS_Normal_VT.uexp" 118
"../../../Engine/Content/EngineMaterials/FlattenMaterial_VT.uasset" 119
"../../../Engine/Content/EngineMaterials/FlattenMaterial_VT.uexp" 120
"../../../Engine/Content/EngineMaterials/BaseFlattenNormalMap.uasset" 121
"../../../Engine/Content/EngineMaterials/BaseFlattenNormalMap.uexp" 122
"../../../Engine/Content/EngineMaterials/BaseFlattenGrayscaleMap.uasset" 123
"../../../Engine/Content/EngineMaterials/BaseFlattenGrayscaleMap.uexp" 124
"../../../Engine/Content/EngineMaterials/BaseFlattenDiffuseMap.uasset" 125
"../../../Engine/Content/EngineMaterials/BaseFlattenDiffuseMap.uexp" 126
"../../../Engine/Content/Functions/Engine_MaterialFunctions02/PivotPainter2/Black_1x1_EXR_Texture.uasset" 127
"../../../Engine/Content/Functions/Engine_MaterialFunctions02/PivotPainter2/Black_1x1_EXR_Texture.uexp" 128
"../../../Engine/Content/EngineMaterials/BaseFlattenEmissiveMap.uasset" 129
"../../../Engine/Content/EngineMaterials/BaseFlattenEmissiveMap.uexp" 130
"../../../Engine/Content/EngineMaterials/BaseFlattenLinearColor.uasset" 131
"../../../Engine/Content/EngineMaterials/BaseFlattenLinearColor.uexp" 132
"../../../Engine/Content/EngineMaterials/FlattenMaterial.uasset" 133
"../../../Engine/Content/EngineMaterials/FlattenMaterial.uexp" 134
"../../../Engine/Content/EngineMaterials/DefaultWhiteGrid_Low.uasset" 135
"../../../Engine/Content/EngineMaterials/DefaultWhiteGrid_Low.uexp" 136
"../../../Engine/Content/EngineMaterials/EmissiveMeshMaterial.uasset" 137
"../../../Engine/Content/EngineMaterials/EmissiveMeshMaterial.uexp" 138
"../../../Engine/Content/EngineMaterials/DefaultWhiteGrid.ubulk" 139
"../../../Engine/Content/EngineMaterials/DefaultWhiteGrid.uasset" 140
"../../../Engine/Content/EngineMaterials/DefaultWhiteGrid.uexp" 141
"../../../Engine/Content/EngineFonts/RobotoDistanceField.uasset" 142
"../../../Engine/Content/EngineFonts/RobotoDistanceField.uexp" 143
"../../../Engine/Content/EngineMaterials/DefaultTextMaterialOpaque.uasset" 144
"../../../Engine/Content/EngineMaterials/DefaultTextMaterialOpaque.uexp" 145
"../../../Engine/Content/EngineMaterials/DefaultDiffuse.ubulk" 146
"../../../Engine/Content/EngineMaterials/DefaultDiffuse.uasset" 147
"../../../Engine/Content/EngineMaterials/DefaultDiffuse.uexp" 148
"../../../Engine/Content/Functions/Engine_MaterialFunctions02/Utility/BreakOutFloat2Components.uasset" 149
"../../../Engine/Content/Functions/Engine_MaterialFunctions02/Utility/BreakOutFloat2Components.uexp" 150
"../../../Engine/Content/EngineMaterials/DefaultPostProcessMaterial.uasset" 151
"../../../Engine/Content/EngineMaterials/DefaultPostProcessMaterial.uexp" 152
"../../../Engine/Content/EngineMaterials/DefaultPhysicalMaterial.uasset" 153
"../../../Engine/Content/EngineMaterials/DefaultPhysicalMaterial.uexp" 154
"../../../Engine/Content/EngineMaterials/DefaultLightFunctionMaterial.uasset" 155
"../../../Engine/Content/EngineMaterials/DefaultLightFunctionMaterial.uexp" 156
"../../../Engine/Content/EngineMaterials/DefaultDestructiblePhysicalMaterial.uasset" 157
"../../../Engine/Content/EngineMaterials/DefaultDestructiblePhysicalMaterial.uexp" 158
"../../../Engine/Content/EngineMaterials/DefaultDeferredDecalMaterial.uasset" 159
"../../../Engine/Content/EngineMaterials/DefaultDeferredDecalMaterial.uexp" 160
"../../../Engine/Content/EngineMaterials/DefaultBokeh.uasset" 161
"../../../Engine/Content/EngineMaterials/DefaultBokeh.uexp" 162
"../../../Engine/Content/EngineMaterials/DefaultBloomKernel.uasset" 163
"../../../Engine/Content/EngineMaterials/DefaultBloomKernel.uexp" 164
"../../../Engine/Content/EngineMaterials/BlueNoise.uasset" 165
"../../../Engine/Content/EngineMaterials/BlueNoise.uexp" 166
"../../../Engine/Content/EngineFonts/Faces/RobotoLight.uexp" 167
"../../../Engine/Content/EngineFonts/Faces/RobotoLight.uasset" 168
"../../../Engine/Content/EngineFonts/Faces/RobotoLight.ufont" 169
"../../../Engine/Content/EngineFonts/Faces/RobotoBold.uexp" 170
"../../../Engine/Content/EngineFonts/Faces/RobotoBold.uasset" 171
"../../../Engine/Content/EngineFonts/Faces/RobotoBold.ufont" 172
"../../../Engine/Content/EngineFonts/Faces/RobotoRegular.uexp" 173
"../../../Engine/Content/EngineFonts/Faces/RobotoRegular.uasset" 174
"../../../Engine/Content/EngineFonts/Faces/RobotoRegular.ufont" 175
"../../../Engine/Content/EngineFonts/Faces/DroidSansFallback.uexp" 176
"../../../Engine/Content/EngineFonts/Faces/DroidSansFallback.uasset" 177
"../../../Engine/Content/EngineFonts/Faces/DroidSansFallback.ufont" 178
"../../../Engine/Content/EngineFonts/Faces/RobotoItalic.uexp" 179
"../../../Engine/Content/EngineFonts/Faces/RobotoItalic.uasset" 180
"../../../Engine/Content/EngineFonts/Faces/RobotoItalic.ufont" 181
"../../../Engine/Content/EngineFonts/Faces/RobotoBoldItalic.uexp" 182
"../../../Engine/Content/EngineFonts/Faces/RobotoBoldItalic.uasset" 183
"../../../Engine/Content/EngineFonts/Faces/RobotoBoldItalic.ufont" 184
"../../../Engine/Content/EngineFonts/Roboto.uasset" 185
"../../../Engine/Content/EngineFonts/Roboto.uexp" 186
"../../../Engine/Content/Functions/Engine_MaterialFunctions02/Utility/CameraDirectionVector.uasset" 187
"../../../Engine/Content/Functions/Engine_MaterialFunctions02/Utility/CameraDirectionVector.uexp" 188
"../../../Engine/Content/EngineDebugMaterials/VolumeToRender.uasset" 189
"../../../Engine/Content/EngineDebugMaterials/VolumeToRender.uexp" 190
"../../../Engine/Content/EngineDebugMaterials/M_VolumeRenderSphereTracePP.uasset" 191
"../../../Engine/Content/EngineDebugMaterials/M_VolumeRenderSphereTracePP.uexp" 192
"../../../Engine/Content/EngineDebugMaterials/M_SimpleUnlitTranslucent.uasset" 193
"../../../Engine/Content/EngineDebugMaterials/M_SimpleUnlitTranslucent.uexp" 194
"../../../Engine/Content/EngineDebugMaterials/DebugMeshMaterial.uasset" 195
"../../../Engine/Content/EngineDebugMaterials/DebugMeshMaterial.uexp" 196
"../../../Engine/Content/EngineDebugMaterials/DebugEditorMaterial.uasset" 197
"../../../Engine/Content/EngineDebugMaterials/DebugEditorMaterial.uexp" 198
"../../../Engine/Content/EngineDamageTypes/DmgTypeBP_Environmental.uasset" 199
"../../../Engine/Content/EngineDamageTypes/DmgTypeBP_Environmental.uexp" 200
"../../../Engine/Content/EditorResources/S_TriggerSphere.uasset" 201
"../../../Engine/Content/EditorResources/S_TriggerSphere.uexp" 202
"../../../Engine/Content/EditorResources/S_TriggerCapsule.uasset" 203
"../../../Engine/Content/EditorResources/S_TriggerCapsule.uexp" 204
"../../../Engine/Content/EditorResources/S_TriggerBox.uasset" 205
"../../../Engine/Content/EditorResources/S_TriggerBox.uexp" 206
"../../../Engine/Content/EditorResources/S_Trigger.ubulk" 207
"../../../Engine/Content/EditorResources/S_Trigger.uasset" 208
"../../../Engine/Content/EditorResources/S_Trigger.uexp" 209
"../../../Engine/Content/EditorResources/S_Terrain.ubulk" 210
"../../../Engine/Content/EditorResources/S_Terrain.uasset" 211
"../../../Engine/Content/EditorResources/S_Terrain.uexp" 212
"../../../Engine/Content/EditorResources/S_Solver.ubulk" 213
"../../../Engine/Content/EditorResources/S_Solver.uasset" 214
"../../../Engine/Content/EditorResources/S_Solver.uexp" 215
"../../../Engine/Content/EditorResources/S_BoxReflectionCapture.uasset" 216
"../../../Engine/Content/EditorResources/S_BoxReflectionCapture.uexp" 217
"../../../Engine/Content/EditorResources/S_Actor.ubulk" 218
"../../../Engine/Content/EditorResources/S_Actor.uasset" 219
"../../../Engine/Content/EditorResources/S_Actor.uexp" 220
"../../../Engine/Content/EditorResources/EmptyActor.uasset" 221
"../../../Engine/Content/EditorResources/EmptyActor.uexp" 222
"../../../Engine/Content/EditorResources/BSPVertex.uasset" 223
"../../../Engine/Content/EditorResources/BSPVertex.uexp" 224
"../../../Engine/Content/EditorResources/SequenceRecorder/RecordingIndicator.uasset" 225
"../../../Engine/Content/EditorResources/SequenceRecorder/RecordingIndicator.uexp" 226
"../../../Engine/Content/EditorResources/SequenceRecorder/Countdown.uasset" 227
"../../../Engine/Content/EditorResources/SequenceRecorder/Countdown.uexp" 228
"../../../Engine/Content/EditorResources/AudioIcons/S_AudioComponent_AutoActivate.uasset" 229
"../../../Engine/Content/EditorResources/AudioIcons/S_AudioComponent_AutoActivate.uexp" 230
"../../../Engine/Content/EditorResources/AudioIcons/S_AudioComponent.uasset" 231
"../../../Engine/Content/EditorResources/AudioIcons/S_AudioComponent.uexp" 232
"../../../Engine/Content/EditorMaterials/Camera/CineMat.uasset" 233
"../../../Engine/Content/EditorMaterials/Camera/CineMat.uexp" 234
"../../../Engine/Content/EditorMaterials/Camera/MI_CineMat_Rig.uasset" 235
"../../../Engine/Content/EditorMaterials/Camera/MI_CineMat_Rig.uexp" 236
"../../../Engine/Content/EditorMeshes/Camera/SM_RailRig_Track.ubulk" 237
"../../../Engine/Content/EditorMeshes/Camera/SM_RailRig_Track.uasset" 238
"../../../Engine/Content/EditorMeshes/Camera/SM_RailRig_Track.uexp" 239
"../../../Engine/Content/EditorMeshes/Camera/SM_RailRig_Mount.ubulk" 240
"../../../Engine/Content/EditorMeshes/Camera/SM_RailRig_Mount.uasset" 241
"../../../Engine/Content/EditorMeshes/Camera/SM_RailRig_Mount.uexp" 242
"../../../Engine/Content/EditorMeshes/Camera/SM_CraneRig_Mount.ubulk" 243
"../../../Engine/Content/EditorMeshes/Camera/SM_CraneRig_Mount.uasset" 244
"../../../Engine/Content/EditorMeshes/Camera/SM_CraneRig_Mount.uexp" 245
"../../../Engine/Content/EditorMeshes/Camera/SM_CraneRig_Body.ubulk" 246
"../../../Engine/Content/EditorMeshes/Camera/SM_CraneRig_Body.uasset" 247
"../../../Engine/Content/EditorMeshes/Camera/SM_CraneRig_Body.uexp" 248
"../../../Engine/Content/EditorMeshes/Camera/SM_CraneRig_Base.ubulk" 249
"../../../Engine/Content/EditorMeshes/Camera/SM_CraneRig_Base.uasset" 250
"../../../Engine/Content/EditorMeshes/Camera/SM_CraneRig_Base.uexp" 251
"../../../Engine/Content/EditorMeshes/Camera/SM_CraneRig_Arm.ubulk" 252
"../../../Engine/Content/EditorMeshes/Camera/SM_CraneRig_Arm.uasset" 253
"../../../Engine/Content/EditorMeshes/Camera/SM_CraneRig_Arm.uexp" 254
"../../../Engine/Content/EditorMaterials/PreviewShadowIndicator.ubulk" 255
"../../../Engine/Content/EditorMaterials/PreviewShadowIndicator.uasset" 256
"../../../Engine/Content/EditorMaterials/PreviewShadowIndicator.uexp" 257
"../../../Engine/Content/EditorMaterials/PreviewShadowIndicatorMaterial.uasset" 258
"../../../Engine/Content/EditorMaterials/PreviewShadowIndicatorMaterial.uexp" 259
"../../../Engine/Content/EditorMaterials/MAT_Groups_Visibility.uasset" 260
"../../../Engine/Content/EditorMaterials/MAT_Groups_Visibility.uexp" 261
"../../../Engine/Content/EditorMaterials/MAT_Groups_Toggle.uasset" 262
"../../../Engine/Content/EditorMaterials/MAT_Groups_Toggle.uexp" 263
"../../../Engine/Content/Functions/Engine_MaterialFunctions02/Utility/MakeFloat4.uasset" 264
"../../../Engine/Content/Functions/Engine_MaterialFunctions02/Utility/MakeFloat4.uexp" 265
"../../../Engine/Content/Functions/Engine_MaterialFunctions02/Utility/MakeFloat3.uasset" 266
"../../../Engine/Content/Functions/Engine_MaterialFunctions02/Utility/MakeFloat3.uexp" 267
"../../../Engine/Content/Functions/Engine_MaterialFunctions02/Utility/BreakOutFloat3Components.uasset" 268
"../../../Engine/Content/Functions/Engine_MaterialFunctions02/Utility/BreakOutFloat3Components.uexp" 269
"../../../Engine/Content/EditorMaterials/WorldPartition/WorldPartitionSpatialHashGridPreviewMaterial.uasset" 270
"../../../Engine/Content/EditorMaterials/WorldPartition/WorldPartitionSpatialHashGridPreviewMaterial.uexp" 271
"../../../Engine/Content/EditorMaterials/ParticleSystems/PSysThumbnail_OOD.ubulk" 272
"../../../Engine/Content/EditorMaterials/ParticleSystems/PSysThumbnail_OOD.uasset" 273
"../../../Engine/Content/EditorMaterials/ParticleSystems/PSysThumbnail_OOD.uexp" 274
"../../../Engine/Content/EditorMaterials/ParticleSystems/PSysThumbnail_NoImage.ubulk" 275
"../../../Engine/Content/EditorMaterials/ParticleSystems/PSysThumbnail_NoImage.uasset" 276
"../../../Engine/Content/EditorMaterials/ParticleSystems/PSysThumbnail_NoImage.uexp" 277
"../../../Engine/Content/EditorMaterials/MatineeGroups/MAT_Groups_Vector.uasset" 278
"../../../Engine/Content/EditorMaterials/MatineeGroups/MAT_Groups_Vector.uexp" 279
"../../../Engine/Content/EditorMaterials/MatineeGroups/MAT_Groups_Sound.uasset" 280
"../../../Engine/Content/EditorMaterials/MatineeGroups/MAT_Groups_Sound.uexp" 281
"../../../Engine/Content/EditorMaterials/MatineeGroups/MAT_Groups_Slomo.uasset" 282
"../../../Engine/Content/EditorMaterials/MatineeGroups/MAT_Groups_Slomo.uexp" 283
"../../../Engine/Content/EditorMaterials/MatineeGroups/MAT_Groups_Move.uasset" 284
"../../../Engine/Content/EditorMaterials/MatineeGroups/MAT_Groups_Move.uexp" 285
"../../../Engine/Content/EditorMaterials/MatineeGroups/MAT_Groups_Float.uasset" 286
"../../../Engine/Content/EditorMaterials/MatineeGroups/MAT_Groups_Float.uexp" 287
"../../../Engine/Content/EditorMaterials/MatineeGroups/MAT_Groups_Fade.uasset" 288
"../../../Engine/Content/EditorMaterials/MatineeGroups/MAT_Groups_Fade.uexp" 289
"../../../Engine/Content/EditorMaterials/MatineeGroups/MAT_Groups_Event.uasset" 290
"../../../Engine/Content/EditorMaterials/MatineeGroups/MAT_Groups_Event.uexp" 291
"../../../Engine/Content/EditorMaterials/MatineeGroups/MAT_Groups_Director.uasset" 292
"../../../Engine/Content/EditorMaterials/MatineeGroups/MAT_Groups_Director.uexp" 293
"../../../Engine/Content/EditorMaterials/MatineeGroups/MAT_Groups_AudioMaster.uasset" 294
"../../../Engine/Content/EditorMaterials/MatineeGroups/MAT_Groups_AudioMaster.uexp" 295
"../../../Engine/Content/EditorMaterials/MatineeGroups/MAT_Groups_Anim.uasset" 296
"../../../Engine/Content/EditorMaterials/MatineeGroups/MAT_Groups_Anim.uexp" 297
"../../../Engine/Content/EditorMaterials/MatineeGroups/MAT_ColorTrack.uasset" 298
"../../../Engine/Content/EditorMaterials/MatineeGroups/MAT_ColorTrack.uexp" 299
"../../../Engine/Content/EditorLandscapeResources/DefaultAlphaTexture.uasset" 300
"../../../Engine/Content/EditorLandscapeResources/DefaultAlphaTexture.uexp" 301
"../../../Engine/Content/EditorLandscapeResources/DataLayer.uasset" 302
"../../../Engine/Content/EditorLandscapeResources/DataLayer.uexp" 303
"../../../Engine/Content/EngineMaterials/T_Default_Material_Grid_M.ubulk" 304
"../../../Engine/Content/EngineMaterials/T_Default_Material_Grid_M.uasset" 305
"../../../Engine/Content/EngineMaterials/T_Default_Material_Grid_M.uexp" 306
"../../../Engine/Content/EngineMaterials/T_Default_Material_Grid_N.ubulk" 307
"../../../Engine/Content/EngineMaterials/T_Default_Material_Grid_N.uasset" 308
"../../../Engine/Content/EngineMaterials/T_Default_Material_Grid_N.uexp" 309
"../../../Engine/Content/Functions/Engine_MaterialFunctions01/Opacity/CameraDepthFade.uasset" 310
"../../../Engine/Content/Functions/Engine_MaterialFunctions01/Opacity/CameraDepthFade.uexp" 311
"../../../Engine/Content/EngineMaterials/WorldGridMaterial.uasset" 312
"../../../Engine/Content/EngineMaterials/WorldGridMaterial.uexp" 313
"../../../Engine/Content/BasicShapes/Plane.ubulk" 314
"../../../Engine/Content/BasicShapes/Plane.uasset" 315
"../../../Engine/Content/BasicShapes/Plane.uexp" 316
"../../../Engine/Content/EngineMaterials/DefaultMaterial.uasset" 317
"../../../Engine/Content/EngineMaterials/DefaultMaterial.uexp" 318
"../../../Engine/Content/BasicShapes/Cylinder.ubulk" 319
"../../../Engine/Content/BasicShapes/Cylinder.uasset" 320
"../../../Engine/Content/BasicShapes/Cylinder.uexp" 321
"../../../Engine/Content/BasicShapes/Cube.ubulk" 322
"../../../Engine/Content/BasicShapes/Cube.uasset" 323
"../../../Engine/Content/BasicShapes/Cube.uexp" 324
"../../../Engine/Content/BasicShapes/Cone.ubulk" 325
"../../../Engine/Content/BasicShapes/Cone.uasset" 326
"../../../Engine/Content/BasicShapes/Cone.uexp" 327
"../../../Engine/Content/ArtTools/RenderToTexture/Meshes/S_1_Unit_Plane.ubulk" 328
"../../../Engine/Content/ArtTools/RenderToTexture/Meshes/S_1_Unit_Plane.uasset" 329
"../../../Engine/Content/ArtTools/RenderToTexture/Meshes/S_1_Unit_Plane.uexp" 330
"../../../Engine/Content/MobileResources/HUD/VirtualJoystick_Background.uasset" 331
"../../../Engine/Content/MobileResources/HUD/VirtualJoystick_Background.uexp" 332
"../../../Engine/Content/MobileResources/HUD/VirtualJoystick_Thumb.uasset" 333
"../../../Engine/Content/MobileResources/HUD/VirtualJoystick_Thumb.uexp" 334
"../../../Engine/Content/MobileResources/HUD/DefaultVirtualJoysticks.uasset" 335
"../../../Engine/Content/MobileResources/HUD/DefaultVirtualJoysticks.uexp" 336
"../../../Engine/Content/EngineMaterials/BlendFunc_DefBlend.uasset" 337
"../../../Engine/Content/EngineMaterials/BlendFunc_DefBlend.uexp" 338
"../../../Engine/Content/EngineMaterials/BlendFunc_DefBase.uasset" 339
"../../../Engine/Content/EngineMaterials/BlendFunc_DefBase.uexp" 340
"../../../Engine/Content/Functions/Engine_MaterialFunctions03/Blends/Blend_Overlay.uasset" 341
"../../../Engine/Content/Functions/Engine_MaterialFunctions03/Blends/Blend_Overlay.uexp" 342
"../../../Engine/Content/OpenWorldTemplate/LandscapeMaterial/T_GridChecker_A.ubulk" 343
"../../../Engine/Content/OpenWorldTemplate/LandscapeMaterial/T_GridChecker_A.uasset" 344
"../../../Engine/Content/OpenWorldTemplate/LandscapeMaterial/T_GridChecker_A.uexp" 345
"../../../Engine/Content/Functions/Engine_MaterialFunctions01/Gradient/LinearGradient.uasset" 346
"../../../Engine/Content/Functions/Engine_MaterialFunctions01/Gradient/LinearGradient.uexp" 347
"../../../Engine/Content/Functions/Engine_MaterialFunctions01/ImageAdjustment/CheapContrast.uasset" 348
"../../../Engine/Content/Functions/Engine_MaterialFunctions01/ImageAdjustment/CheapContrast.uexp" 349
"../../../Engine/Content/OpenWorldTemplate/LandscapeMaterial/MF_ProcGrid.uasset" 350
"../../../Engine/Content/OpenWorldTemplate/LandscapeMaterial/MF_ProcGrid.uexp" 351
"../../../Engine/Content/OpenWorldTemplate/LandscapeMaterial/M_ProcGrid.uasset" 352
"../../../Engine/Content/OpenWorldTemplate/LandscapeMaterial/M_ProcGrid.uexp" 353
"../../../Engine/Content/Tutorial/ContentIntroCurve.uasset" 354
"../../../Engine/Content/Tutorial/ContentIntroCurve.uexp" 355
"../../../Engine/Content/VREditor/TransformGizmo/Main.uasset" 356
"../../../Engine/Content/VREditor/TransformGizmo/Main.uexp" 357
"../../../Engine/Content/VREditor/TransformGizmo/Xray.uasset" 358
"../../../Engine/Content/VREditor/TransformGizmo/Xray.uexp" 359
"../../../Engine/Content/VREditor/TransformGizmo/SM_Sequencer_Node.ubulk" 360
"../../../Engine/Content/VREditor/TransformGizmo/SM_Sequencer_Node.uasset" 361
"../../../Engine/Content/VREditor/TransformGizmo/SM_Sequencer_Node.uexp" 362
"../../../Engine/Content/VREditor/LaserPointer/VR_LaserPower_01.ubulk" 363
"../../../Engine/Content/VREditor/LaserPointer/VR_LaserPower_01.uasset" 364
"../../../Engine/Content/VREditor/LaserPointer/VR_LaserPower_01.uexp" 365
"../../../Engine/Content/VREditor/TransformGizmo/TransformGizmoMaterial.uasset" 366
"../../../Engine/Content/VREditor/TransformGizmo/TransformGizmoMaterial.uexp" 367
"../../../Engine/Content/VREditor/TransformGizmo/TranslucentTransformGizmoMaterial.uasset" 368
"../../../Engine/Content/VREditor/TransformGizmo/TranslucentTransformGizmoMaterial.uexp" 369
"../../../Engine/Content/VREditor/TransformGizmo/PlaneTranslationHandle.ubulk" 370
"../../../Engine/Content/VREditor/TransformGizmo/PlaneTranslationHandle.uasset" 371
"../../../Engine/Content/VREditor/TransformGizmo/PlaneTranslationHandle.uexp" 372
"../../../Engine/Content/VREditor/TransformGizmo/BoundingBoxEdge.ubulk" 373
"../../../Engine/Content/VREditor/TransformGizmo/BoundingBoxEdge.uasset" 374
"../../../Engine/Content/VREditor/TransformGizmo/BoundingBoxEdge.uexp" 375
"../../../Engine/Content/VREditor/TransformGizmo/BoundingBoxCorner.ubulk" 376
"../../../Engine/Content/VREditor/TransformGizmo/BoundingBoxCorner.uasset" 377
"../../../Engine/Content/VREditor/TransformGizmo/BoundingBoxCorner.uexp" 378
"../../../Engine/Plugins/2D/Paper2D/Content/PlaceholderTextures/DummySpriteTexture.ubulk" 379
"../../../Engine/Plugins/2D/Paper2D/Content/PlaceholderTextures/DummySpriteTexture.uasset" 380
"../../../Engine/Plugins/2D/Paper2D/Content/PlaceholderTextures/DummySpriteTexture.uexp" 381
"../../../Engine/Plugins/2D/Paper2D/Content/DefaultSpriteMaterial.uasset" 382
"../../../Engine/Plugins/2D/Paper2D/Content/DefaultSpriteMaterial.uexp" 383
"../../../Engine/Plugins/2D/Paper2D/Content/OpaqueUnlitSpriteMaterial.uasset" 384
"../../../Engine/Plugins/2D/Paper2D/Content/OpaqueUnlitSpriteMaterial.uexp" 385
"../../../Engine/Plugins/2D/Paper2D/Content/MaskedUnlitSpriteMaterial.uasset" 386
"../../../Engine/Plugins/2D/Paper2D/Content/MaskedUnlitSpriteMaterial.uexp" 387
"../../../Engine/Plugins/2D/Paper2D/Content/DummySprite.uasset" 388
"../../../Engine/Plugins/2D/Paper2D/Content/DummySprite.uexp" 389
"../../../Engine/Plugins/2D/Paper2D/Content/DefaultPaperTerrainMaterial.uasset" 390
"../../../Engine/Plugins/2D/Paper2D/Content/DefaultPaperTerrainMaterial.uexp" 391
"../../../Engine/Plugins/Animation/ControlRig/Content/M_Manip.uasset" 392
"../../../Engine/Plugins/Animation/ControlRig/Content/M_Manip.uexp" 393
"../../../Engine/Plugins/Animation/ControlRig/Content/Controls/DefaultGizmoLibraryNormalized.uasset" 394
"../../../Engine/Plugins/Animation/ControlRig/Content/Controls/DefaultGizmoLibraryNormalized.uexp" 395
"../../../Engine/Plugins/Animation/ControlRig/Content/Controls/ControlRig_Wedge_solid.ubulk" 396
"../../../Engine/Plugins/Animation/ControlRig/Content/Controls/ControlRig_Wedge_solid.uasset" 397
"../../../Engine/Plugins/Animation/ControlRig/Content/Controls/ControlRig_Wedge_solid.uexp" 398
"../../../Engine/Plugins/Animation/ControlRig/Content/Controls/ControlRig_Wedge_3mm.ubulk" 399
"../../../Engine/Plugins/Animation/ControlRig/Content/Controls/ControlRig_Wedge_3mm.uasset" 400
"../../../Engine/Plugins/Animation/ControlRig/Content/Controls/ControlRig_Wedge_3mm.uexp" 401
"../../../Engine/Plugins/Animation/ControlRig/Content/Controls/ControlRig_Wedge_1mm.ubulk" 402
"../../../Engine/Plugins/Animation/ControlRig/Content/Controls/ControlRig_Wedge_1mm.uasset" 403
"../../../Engine/Plugins/Animation/ControlRig/Content/Controls/ControlRig_Wedge_1mm.uexp" 404
"../../../Engine/Plugins/Animation/ControlRig/Content/Controls/ControlRig_Triangle_solid.ubulk" 405
"../../../Engine/Plugins/Animation/ControlRig/Content/Controls/ControlRig_Triangle_solid.uasset" 406
"../../../Engine/Plugins/Animation/ControlRig/Content/Controls/ControlRig_Triangle_solid.uexp" 407
"../../../Engine/Plugins/Animation/ControlRig/Content/Controls/ControlRig_Triangle_3mm.ubulk" 408
"../../../Engine/Plugins/Animation/ControlRig/Content/Controls/ControlRig_Triangle_3mm.uasset" 409
"../../../Engine/Plugins/Animation/ControlRig/Content/Controls/ControlRig_Triangle_3mm.uexp" 410
"../../../Engine/Plugins/Animation/ControlRig/Content/Controls/ControlRig_Triangle_1mm.ubulk" 411
"../../../Engine/Plugins/Animation/ControlRig/Content/Controls/ControlRig_Triangle_1mm.uasset" 412
"../../../Engine/Plugins/Animation/ControlRig/Content/Controls/ControlRig_Triangle_1mm.uexp" 413
"../../../Engine/Plugins/Animation/ControlRig/Content/Controls/ControlRig_Star4_solid.ubulk" 414
"../../../Engine/Plugins/Animation/ControlRig/Content/Controls/ControlRig_Star4_solid.uasset" 415
"../../../Engine/Plugins/Animation/ControlRig/Content/Controls/ControlRig_Star4_solid.uexp" 416
"../../../Engine/Plugins/Animation/ControlRig/Content/Controls/ControlRig_Star4_3mm.ubulk" 417
"../../../Engine/Plugins/Animation/ControlRig/Content/Controls/ControlRig_Star4_3mm.uasset" 418
"../../../Engine/Plugins/Animation/ControlRig/Content/Controls/ControlRig_Star4_3mm.uexp" 419
"../../../Engine/Plugins/Animation/ControlRig/Content/Controls/ControlRig_Star4_1mm.ubulk" 420
"../../../Engine/Plugins/Animation/ControlRig/Content/Controls/ControlRig_Star4_1mm.uasset" 421
"../../../Engine/Plugins/Animation/ControlRig/Content/Controls/ControlRig_Star4_1mm.uexp" 422
"../../../Engine/Plugins/Animation/ControlRig/Content/Controls/ControlRig_Square_solid.ubulk" 423
"../../../Engine/Plugins/Animation/ControlRig/Content/Controls/ControlRig_Square_solid.uasset" 424
"../../../Engine/Plugins/Animation/ControlRig/Content/Controls/ControlRig_Square_solid.uexp" 425
"../../../Engine/Plugins/Animation/ControlRig/Content/Controls/ControlRig_Square_3mm.ubulk" 426
"../../../Engine/Plugins/Animation/ControlRig/Content/Controls/ControlRig_Square_3mm.uasset" 427
"../../../Engine/Plugins/Animation/ControlRig/Content/Controls/ControlRig_Square_3mm.uexp" 428
"../../../Engine/Plugins/Animation/ControlRig/Content/Controls/ControlRig_Square_1mm.ubulk" 429
"../../../Engine/Plugins/Animation/ControlRig/Content/Controls/ControlRig_Square_1mm.uasset" 430
"../../../Engine/Plugins/Animation/ControlRig/Content/Controls/ControlRig_Square_1mm.uexp" 431
"../../../Engine/Plugins/Animation/ControlRig/Content/Controls/ControlRig_Sphere_solid.ubulk" 432
"../../../Engine/Plugins/Animation/ControlRig/Content/Controls/ControlRig_Sphere_solid.uasset" 433
"../../../Engine/Plugins/Animation/ControlRig/Content/Controls/ControlRig_Sphere_solid.uexp" 434
"../../../Engine/Plugins/Animation/ControlRig/Content/Controls/ControlRig_Sphere_3mm.ubulk" 435
"../../../Engine/Plugins/Animation/ControlRig/Content/Controls/ControlRig_Sphere_3mm.uasset" 436
"../../../Engine/Plugins/Animation/ControlRig/Content/Controls/ControlRig_Sphere_3mm.uexp" 437
"../../../Engine/Plugins/Animation/ControlRig/Content/Controls/ControlRig_Sphere_1mm.ubulk" 438
"../../../Engine/Plugins/Animation/ControlRig/Content/Controls/ControlRig_Sphere_1mm.uasset" 439
"../../../Engine/Plugins/Animation/ControlRig/Content/Controls/ControlRig_Sphere_1mm.uexp" 440
"../../../Engine/Plugins/Animation/ControlRig/Content/Controls/ControlRig_RoundedTriangle_solid.ubulk" 441
"../../../Engine/Plugins/Animation/ControlRig/Content/Controls/ControlRig_RoundedTriangle_solid.uasset" 442
"../../../Engine/Plugins/Animation/ControlRig/Content/Controls/ControlRig_RoundedTriangle_solid.uexp" 443
"../../../Engine/Plugins/Animation/ControlRig/Content/Controls/ControlRig_RoundedTriangle_3mm.ubulk" 444
"../../../Engine/Plugins/Animation/ControlRig/Content/Controls/ControlRig_RoundedTriangle_3mm.uasset" 445
"../../../Engine/Plugins/Animation/ControlRig/Content/Controls/ControlRig_RoundedTriangle_3mm.uexp" 446
"../../../Engine/Plugins/Animation/ControlRig/Content/Controls/ControlRig_RoundedTriangle_1mm.ubulk" 447
"../../../Engine/Plugins/Animation/ControlRig/Content/Controls/ControlRig_RoundedTriangle_1mm.uasset" 448
"../../../Engine/Plugins/Animation/ControlRig/Content/Controls/ControlRig_RoundedTriangle_1mm.uexp" 449
"../../../Engine/Plugins/Animation/ControlRig/Content/Controls/ControlRig_RoundedSquare_solid.ubulk" 450
"../../../Engine/Plugins/Animation/ControlRig/Content/Controls/ControlRig_RoundedSquare_solid.uasset" 451
"../../../Engine/Plugins/Animation/ControlRig/Content/Controls/ControlRig_RoundedSquare_solid.uexp" 452
"../../../Engine/Plugins/Animation/ControlRig/Content/Controls/ControlRig_RoundedSquare_3mm.ubulk" 453
"../../../Engine/Plugins/Animation/ControlRig/Content/Controls/ControlRig_RoundedSquare_3mm.uasset" 454
"../../../Engine/Plugins/Animation/ControlRig/Content/Controls/ControlRig_RoundedSquare_3mm.uexp" 455
"../../../Engine/Plugins/Animation/ControlRig/Content/Controls/ControlRig_RoundedSquare_1mm.ubulk" 456
"../../../Engine/Plugins/Animation/ControlRig/Content/Controls/ControlRig_RoundedSquare_1mm.uasset" 457
"../../../Engine/Plugins/Animation/ControlRig/Content/Controls/ControlRig_RoundedSquare_1mm.uexp" 458
"../../../Engine/Plugins/Animation/ControlRig/Content/Controls/ControlRig_QuarterCircle_solid.ubulk" 459
"../../../Engine/Plugins/Animation/ControlRig/Content/Controls/ControlRig_QuarterCircle_solid.uasset" 460
"../../../Engine/Plugins/Animation/ControlRig/Content/Controls/ControlRig_QuarterCircle_solid.uexp" 461
"../../../Engine/Plugins/Animation/ControlRig/Content/Controls/ControlRig_QuarterCircle_3mm.ubulk" 462
"../../../Engine/Plugins/Animation/ControlRig/Content/Controls/ControlRig_QuarterCircle_3mm.uasset" 463
"../../../Engine/Plugins/Animation/ControlRig/Content/Controls/ControlRig_QuarterCircle_3mm.uexp" 464
"../../../Engine/Plugins/Animation/ControlRig/Content/Controls/ControlRig_QuarterCircle_1mm.ubulk" 465
"../../../Engine/Plugins/Animation/ControlRig/Content/Controls/ControlRig_QuarterCircle_1mm.uasset" 466
"../../../Engine/Plugins/Animation/ControlRig/Content/Controls/ControlRig_QuarterCircle_1mm.uexp" 467
"../../../Engine/Plugins/Animation/ControlRig/Content/Controls/ControlRig_Pyramid_solid.ubulk" 468
"../../../Engine/Plugins/Animation/ControlRig/Content/Controls/ControlRig_Pyramid_solid.uasset" 469
"../../../Engine/Plugins/Animation/ControlRig/Content/Controls/ControlRig_Pyramid_solid.uexp" 470
"../../../Engine/Plugins/Animation/ControlRig/Content/Controls/ControlRig_Pyramid_3mm.ubulk" 471
"../../../Engine/Plugins/Animation/ControlRig/Content/Controls/ControlRig_Pyramid_3mm.uasset" 472
"../../../Engine/Plugins/Animation/ControlRig/Content/Controls/ControlRig_Pyramid_3mm.uexp" 473
"../../../Engine/Plugins/Animation/ControlRig/Content/Controls/ControlRig_Pyramid_1mm.ubulk" 474
"../../../Engine/Plugins/Animation/ControlRig/Content/Controls/ControlRig_Pyramid_1mm.uasset" 475
"../../../Engine/Plugins/Animation/ControlRig/Content/Controls/ControlRig_Pyramid_1mm.uexp" 476
"../../../Engine/Plugins/Animation/ControlRig/Content/Controls/ControlRig_Octagon_solid.ubulk" 477
"../../../Engine/Plugins/Animation/ControlRig/Content/Controls/ControlRig_Octagon_solid.uasset" 478
"../../../Engine/Plugins/Animation/ControlRig/Content/Controls/ControlRig_Octagon_solid.uexp" 479
"../../../Engine/Plugins/Animation/ControlRig/Content/Controls/ControlRig_Octagon_3mm.ubulk" 480
"../../../Engine/Plugins/Animation/ControlRig/Content/Controls/ControlRig_Octagon_3mm.uasset" 481
"../../../Engine/Plugins/Animation/ControlRig/Content/Controls/ControlRig_Octagon_3mm.uexp" 482
"../../../Engine/Plugins/Animation/ControlRig/Content/Controls/ControlRig_Octagon_1mm.ubulk" 483
"../../../Engine/Plugins/Animation/ControlRig/Content/Controls/ControlRig_Octagon_1mm.uasset" 484
"../../../Engine/Plugins/Animation/ControlRig/Content/Controls/ControlRig_Octagon_1mm.uexp" 485
"../../../Engine/Plugins/Animation/ControlRig/Content/Controls/ControlRig_Hexagon_solid.ubulk" 486
"../../../Engine/Plugins/Animation/ControlRig/Content/Controls/ControlRig_Hexagon_solid.uasset" 487
"../../../Engine/Plugins/Animation/ControlRig/Content/Controls/ControlRig_Hexagon_solid.uexp" 488
"../../../Engine/Plugins/Animation/ControlRig/Content/Controls/ControlRig_Hexagon_3mm.ubulk" 489
"../../../Engine/Plugins/Animation/ControlRig/Content/Controls/ControlRig_Hexagon_3mm.uasset" 490
"../../../Engine/Plugins/Animation/ControlRig/Content/Controls/ControlRig_Hexagon_3mm.uexp" 491
"../../../Engine/Plugins/Animation/ControlRig/Content/Controls/ControlRig_Hexagon_1mm.ubulk" 492
"../../../Engine/Plugins/Animation/ControlRig/Content/Controls/ControlRig_Hexagon_1mm.uasset" 493
"../../../Engine/Plugins/Animation/ControlRig/Content/Controls/ControlRig_Hexagon_1mm.uexp" 494
"../../../Engine/Plugins/Animation/ControlRig/Content/Controls/ControlRig_HalfCircle_solid.ubulk" 495
"../../../Engine/Plugins/Animation/ControlRig/Content/Controls/ControlRig_HalfCircle_solid.uasset" 496
"../../../Engine/Plugins/Animation/ControlRig/Content/Controls/ControlRig_HalfCircle_solid.uexp" 497
"../../../Engine/Plugins/Animation/ControlRig/Content/Controls/ControlRig_HalfCircle_3mm.ubulk" 498
"../../../Engine/Plugins/Animation/ControlRig/Content/Controls/ControlRig_HalfCircle_3mm.uasset" 499
"../../../Engine/Plugins/Animation/ControlRig/Content/Controls/ControlRig_HalfCircle_3mm.uexp" 500
"../../../Engine/Plugins/Animation/ControlRig/Content/Controls/ControlRig_HalfCircle_1mm.ubulk" 501
"../../../Engine/Plugins/Animation/ControlRig/Content/Controls/ControlRig_HalfCircle_1mm.uasset" 502
"../../../Engine/Plugins/Animation/ControlRig/Content/Controls/ControlRig_HalfCircle_1mm.uexp" 503
"../../../Engine/Plugins/Animation/ControlRig/Content/Controls/ControlRig_Diamond_solid.ubulk" 504
"../../../Engine/Plugins/Animation/ControlRig/Content/Controls/ControlRig_Diamond_solid.uasset" 505
"../../../Engine/Plugins/Animation/ControlRig/Content/Controls/ControlRig_Diamond_solid.uexp" 506
"../../../Engine/Plugins/Animation/ControlRig/Content/Controls/ControlRig_Diamond_3mm.ubulk" 507
"../../../Engine/Plugins/Animation/ControlRig/Content/Controls/ControlRig_Diamond_3mm.uasset" 508
"../../../Engine/Plugins/Animation/ControlRig/Content/Controls/ControlRig_Diamond_3mm.uexp" 509
"../../../Engine/Plugins/Animation/ControlRig/Content/Controls/ControlRig_Diamond_1mm.ubulk" 510
"../../../Engine/Plugins/Animation/ControlRig/Content/Controls/ControlRig_Diamond_1mm.uasset" 511
"../../../Engine/Plugins/Animation/ControlRig/Content/Controls/ControlRig_Diamond_1mm.uexp" 512
"../../../Engine/Plugins/Animation/ControlRig/Content/Controls/ControlRig_Circle_solid.ubulk" 513
"../../../Engine/Plugins/Animation/ControlRig/Content/Controls/ControlRig_Circle_solid.uasset" 514
"../../../Engine/Plugins/Animation/ControlRig/Content/Controls/ControlRig_Circle_solid.uexp" 515
"../../../Engine/Plugins/Animation/ControlRig/Content/Controls/ControlRig_Circle_3mm.ubulk" 516
"../../../Engine/Plugins/Animation/ControlRig/Content/Controls/ControlRig_Circle_3mm.uasset" 517
"../../../Engine/Plugins/Animation/ControlRig/Content/Controls/ControlRig_Circle_3mm.uexp" 518
"../../../Engine/Plugins/Animation/ControlRig/Content/Controls/ControlRig_Circle_1mm.ubulk" 519
"../../../Engine/Plugins/Animation/ControlRig/Content/Controls/ControlRig_Circle_1mm.uasset" 520
"../../../Engine/Plugins/Animation/ControlRig/Content/Controls/ControlRig_Circle_1mm.uexp" 521
"../../../Engine/Plugins/Animation/ControlRig/Content/Controls/ControlRig_Box_solid.ubulk" 522
"../../../Engine/Plugins/Animation/ControlRig/Content/Controls/ControlRig_Box_solid.uasset" 523
"../../../Engine/Plugins/Animation/ControlRig/Content/Controls/ControlRig_Box_solid.uexp" 524
"../../../Engine/Plugins/Animation/ControlRig/Content/Controls/ControlRig_Box_3mm.ubulk" 525
"../../../Engine/Plugins/Animation/ControlRig/Content/Controls/ControlRig_Box_3mm.uasset" 526
"../../../Engine/Plugins/Animation/ControlRig/Content/Controls/ControlRig_Box_3mm.uexp" 527
"../../../Engine/Plugins/Animation/ControlRig/Content/Controls/ControlRig_Box_1mm.ubulk" 528
"../../../Engine/Plugins/Animation/ControlRig/Content/Controls/ControlRig_Box_1mm.uasset" 529
"../../../Engine/Plugins/Animation/ControlRig/Content/Controls/ControlRig_Box_1mm.uexp" 530
"../../../Engine/Plugins/Animation/ControlRig/Content/Controls/ControlRig_Arrow_solid.ubulk" 531
"../../../Engine/Plugins/Animation/ControlRig/Content/Controls/ControlRig_Arrow_solid.uasset" 532
"../../../Engine/Plugins/Animation/ControlRig/Content/Controls/ControlRig_Arrow_solid.uexp" 533
"../../../Engine/Plugins/Animation/ControlRig/Content/Controls/ControlRig_Arrow_3mm.ubulk" 534
"../../../Engine/Plugins/Animation/ControlRig/Content/Controls/ControlRig_Arrow_3mm.uasset" 535
"../../../Engine/Plugins/Animation/ControlRig/Content/Controls/ControlRig_Arrow_3mm.uexp" 536
"../../../Engine/Plugins/Animation/ControlRig/Content/Controls/ControlRig_Arrow_1mm.ubulk" 537
"../../../Engine/Plugins/Animation/ControlRig/Content/Controls/ControlRig_Arrow_1mm.uasset" 538
"../../../Engine/Plugins/Animation/ControlRig/Content/Controls/ControlRig_Arrow_1mm.uexp" 539
"../../../Engine/Plugins/Animation/ControlRig/Content/Controls/ControlRig_Arrow4_solid.ubulk" 540
"../../../Engine/Plugins/Animation/ControlRig/Content/Controls/ControlRig_Arrow4_solid.uasset" 541
"../../../Engine/Plugins/Animation/ControlRig/Content/Controls/ControlRig_Arrow4_solid.uexp" 542
"../../../Engine/Plugins/Animation/ControlRig/Content/Controls/ControlRig_Arrow4_3mm.ubulk" 543
"../../../Engine/Plugins/Animation/ControlRig/Content/Controls/ControlRig_Arrow4_3mm.uasset" 544
"../../../Engine/Plugins/Animation/ControlRig/Content/Controls/ControlRig_Arrow4_3mm.uexp" 545
"../../../Engine/Plugins/Animation/ControlRig/Content/Controls/ControlRig_Arrow4_1mm.ubulk" 546
"../../../Engine/Plugins/Animation/ControlRig/Content/Controls/ControlRig_Arrow4_1mm.uasset" 547
"../../../Engine/Plugins/Animation/ControlRig/Content/Controls/ControlRig_Arrow4_1mm.uexp" 548
"../../../Engine/Plugins/Animation/ControlRig/Content/Controls/ControlRig_Arrow2_solid.ubulk" 549
"../../../Engine/Plugins/Animation/ControlRig/Content/Controls/ControlRig_Arrow2_solid.uasset" 550
"../../../Engine/Plugins/Animation/ControlRig/Content/Controls/ControlRig_Arrow2_solid.uexp" 551
"../../../Engine/Plugins/Animation/ControlRig/Content/Controls/ControlRig_Arrow2_3mm.ubulk" 552
"../../../Engine/Plugins/Animation/ControlRig/Content/Controls/ControlRig_Arrow2_3mm.uasset" 553
"../../../Engine/Plugins/Animation/ControlRig/Content/Controls/ControlRig_Arrow2_3mm.uexp" 554
"../../../Engine/Plugins/Animation/ControlRig/Content/Controls/ControlRig_Arrow2_1mm.ubulk" 555
"../../../Engine/Plugins/Animation/ControlRig/Content/Controls/ControlRig_Arrow2_1mm.uasset" 556
"../../../Engine/Plugins/Animation/ControlRig/Content/Controls/ControlRig_Arrow2_1mm.uexp" 557
"../../../Engine/Plugins/Animation/ControlRig/Content/Controls/ControlRigGizmoMaterial.uasset" 558
"../../../Engine/Plugins/Animation/ControlRig/Content/Controls/ControlRigGizmoMaterial.uexp" 559
"../../../Engine/Plugins/Editor/SpeedTreeImporter/Content/SpeedTree9/game_wind_noise.ubulk" 560
"../../../Engine/Plugins/Editor/SpeedTreeImporter/Content/SpeedTree9/game_wind_noise.uasset" 561
"../../../Engine/Plugins/Editor/SpeedTreeImporter/Content/SpeedTree9/game_wind_noise.uexp" 562
"../../../Engine/Plugins/Editor/SpeedTreeImporter/Content/SpeedTree9/UnpackDirection.uasset" 563
"../../../Engine/Plugins/Editor/SpeedTreeImporter/Content/SpeedTree9/UnpackDirection.uexp" 564
"../../../Engine/Content/Functions/Engine_MaterialFunctions02/ObjectLocalBounds.uasset" 565
"../../../Engine/Content/Functions/Engine_MaterialFunctions02/ObjectLocalBounds.uexp" 566
"../../../Engine/Content/Functions/Engine_MaterialFunctions02/UVs/BoundingBoxBased_0-1_UVW.uasset" 567
"../../../Engine/Content/Functions/Engine_MaterialFunctions02/UVs/BoundingBoxBased_0-1_UVW.uexp" 568
"../../../Engine/Content/Functions/Engine_MaterialFunctions02/Utility/VectorLength.uasset" 569
"../../../Engine/Content/Functions/Engine_MaterialFunctions02/Utility/VectorLength.uexp" 570
"../../../Engine/Plugins/Editor/SpeedTreeImporter/Content/SpeedTree9/UnpackInteger3.uasset" 571
"../../../Engine/Plugins/Editor/SpeedTreeImporter/Content/SpeedTree9/UnpackInteger3.uexp" 572
"../../../Engine/Plugins/Editor/SpeedTreeImporter/Content/SpeedTree9/SpeedTreeCameraFacing.uasset" 573
"../../../Engine/Plugins/Editor/SpeedTreeImporter/Content/SpeedTree9/SpeedTreeCameraFacing.uexp" 574
"../../../Engine/Content/Functions/Engine_MaterialFunctions02/WorldPositionOffset/ObjectScale.uasset" 575
"../../../Engine/Content/Functions/Engine_MaterialFunctions02/WorldPositionOffset/ObjectScale.uexp" 576
"../../../Engine/Content/Functions/Engine_MaterialFunctions02/SafeNormalize.uasset" 577
"../../../Engine/Content/Functions/Engine_MaterialFunctions02/SafeNormalize.uexp" 578
"../../../Engine/Plugins/Editor/SpeedTreeImporter/Content/SpeedTree9/SpeedTreeWindMotion.uasset" 579
"../../../Engine/Plugins/Editor/SpeedTreeImporter/Content/SpeedTree9/SpeedTreeWindMotion.uexp" 580
"../../../Engine/Plugins/Editor/SpeedTreeImporter/Content/SpeedTree9/SpeedTreeBranchMotion.uasset" 581
"../../../Engine/Plugins/Editor/SpeedTreeImporter/Content/SpeedTree9/SpeedTreeBranchMotion.uexp" 582
"../../../Engine/Plugins/Editor/SpeedTreeImporter/Content/SpeedTree9/SpeedTreeWind.uasset" 583
"../../../Engine/Plugins/Editor/SpeedTreeImporter/Content/SpeedTree9/SpeedTreeWind.uexp" 584
"../../../Engine/Plugins/Editor/SpeedTreeImporter/Content/SpeedTree9/EmptyNormal.uasset" 585
"../../../Engine/Plugins/Editor/SpeedTreeImporter/Content/SpeedTree9/EmptyNormal.uexp" 586
"../../../Engine/Plugins/Editor/SpeedTreeImporter/Content/SpeedTree9/Empty.uasset" 587
"../../../Engine/Plugins/Editor/SpeedTreeImporter/Content/SpeedTree9/Empty.uexp" 588
"../../../Engine/Plugins/Editor/SpeedTreeImporter/Content/SpeedTree9/SpeedTreeMaster.uasset" 589
"../../../Engine/Plugins/Editor/SpeedTreeImporter/Content/SpeedTree9/SpeedTreeMaster.uexp" 590
"../../../Engine/Plugins/Editor/SpeedTreeImporter/Content/SpeedTree9/SpeedTreeBillboard.uasset" 591
"../../../Engine/Plugins/Editor/SpeedTreeImporter/Content/SpeedTree9/SpeedTreeBillboard.uexp" 592
"../../../Engine/Plugins/Editor/SpeedTreeImporter/Content/SpeedTree9/SpeedTreeBillboardMaster.uasset" 593
"../../../Engine/Plugins/Editor/SpeedTreeImporter/Content/SpeedTree9/SpeedTreeBillboardMaster.uexp" 594
"../../../Engine/Plugins/Runtime/HairStrands/Content/Materials/HairMeshesDefaultMaterial.uasset" 595
"../../../Engine/Plugins/Runtime/HairStrands/Content/Materials/HairMeshesDefaultMaterial.uexp" 596
"../../../Engine/Plugins/Runtime/HairStrands/Content/Materials/HairDefaultMaterial.uasset" 597
"../../../Engine/Plugins/Runtime/HairStrands/Content/Materials/HairDefaultMaterial.uexp" 598
"../../../Engine/Plugins/Runtime/HairStrands/Content/Materials/HairGroupColors.uasset" 599
"../../../Engine/Plugins/Runtime/HairStrands/Content/Materials/HairGroupColors.uexp" 600
"../../../Engine/Content/EngineMaterials/HairColorMap.uasset" 601
"../../../Engine/Content/EngineMaterials/HairColorMap.uexp" 602
"../../../Engine/Content/EngineMaterials/HairDebugColor.uasset" 603
"../../../Engine/Content/EngineMaterials/HairDebugColor.uexp" 604
"../../../Engine/Plugins/Runtime/HairStrands/Content/Materials/HairDebugMaterial.uasset" 605
"../../../Engine/Plugins/Runtime/HairStrands/Content/Materials/HairDebugMaterial.uexp" 606
"../../../Engine/Plugins/Runtime/HairStrands/Content/Materials/HairCardsDefaultMaterial.uasset" 607
"../../../Engine/Plugins/Runtime/HairStrands/Content/Materials/HairCardsDefaultMaterial.uexp" 608
"D:/Unreal Projects/MetaSounds2/Content/Sounds/SCQS_Visualizer.uasset" 609
"D:/Unreal Projects/MetaSounds2/Content/Sounds/SCQS_Visualizer.uexp" 610
"D:/Unreal Projects/MetaSounds2/Content/Sounds/S_TyDavid-RUNMYMOOD.ubulk" 611
"D:/Unreal Projects/MetaSounds2/Content/Sounds/S_TyDavid-RUNMYMOOD.uasset" 612
"D:/Unreal Projects/MetaSounds2/Content/Sounds/S_TyDavid-RUNMYMOOD.uexp" 613
"D:/Unreal Projects/MetaSounds2/Content/Sounds/SCQ_Visualizer.uasset" 614
"D:/Unreal Projects/MetaSounds2/Content/Sounds/SCQ_Visualizer.uexp" 615
"D:/Unreal Projects/MetaSounds2/Content/UserInterface/WBP_ObjectButtonPress.uasset" 616
"D:/Unreal Projects/MetaSounds2/Content/UserInterface/WBP_ObjectButtonPress.uexp" 617
"D:/Unreal Projects/MetaSounds2/Content/Art/M_VisualizerIndicator.uasset" 618
"D:/Unreal Projects/MetaSounds2/Content/Art/M_VisualizerIndicator.uexp" 619
"D:/Unreal Projects/MetaSounds2/Content/Art/MI_VisualizerIndicator1.uasset" 620
"D:/Unreal Projects/MetaSounds2/Content/Art/MI_VisualizerIndicator1.uexp" 621
"D:/Unreal Projects/MetaSounds2/Content/Niagara/VisualizerOptimize/GridEmitterSpawn.uasset" 622
"D:/Unreal Projects/MetaSounds2/Content/Niagara/VisualizerOptimize/GridEmitterSpawn.uexp" 623
"../../../Engine/Plugins/FX/Niagara/Content/Enums/ENiagara_MassInitializationMode.uasset" 624
"../../../Engine/Plugins/FX/Niagara/Content/Enums/ENiagara_MassInitializationMode.uexp" 625
"D:/Unreal Projects/MetaSounds2/Content/Niagara/VisualizerOptimize/GridParticleUpdate.uasset" 626
"D:/Unreal Projects/MetaSounds2/Content/Niagara/VisualizerOptimize/GridParticleUpdate.uexp" 627
"../../../Engine/Plugins/FX/Niagara/Content/Enums/ENiagara_PositionInitializationMode.uasset" 628
"../../../Engine/Plugins/FX/Niagara/Content/Enums/ENiagara_PositionInitializationMode.uexp" 629
"../../../Engine/Plugins/FX/Niagara/Content/Enums/ENiagara_SizeScaleMode.uasset" 630
"../../../Engine/Plugins/FX/Niagara/Content/Enums/ENiagara_SizeScaleMode.uexp" 631
"../../../Engine/Plugins/FX/Niagara/Content/Enums/ENiagara_UVFlippingMode.uasset" 632
"../../../Engine/Plugins/FX/Niagara/Content/Enums/ENiagara_UVFlippingMode.uexp" 633
"D:/Unreal Projects/MetaSounds2/Content/Art/M_Basic_Wall.uasset" 634
"D:/Unreal Projects/MetaSounds2/Content/Art/M_Basic_Wall.uexp" 635
"D:/Unreal Projects/MetaSounds2/Content/Art/Shape_Cube.ubulk" 636
"D:/Unreal Projects/MetaSounds2/Content/Art/Shape_Cube.uasset" 637
"D:/Unreal Projects/MetaSounds2/Content/Art/Shape_Cube.uexp" 638
"D:/Unreal Projects/MetaSounds2/Content/Niagara/VisualizerOptimize/GetParticleSpawnLocation.uasset" 639
"D:/Unreal Projects/MetaSounds2/Content/Niagara/VisualizerOptimize/GetParticleSpawnLocation.uexp" 640
"../../../Engine/Plugins/FX/Niagara/Content/Functions/Localspace/SimulationPosition.uasset" 641
"../../../Engine/Plugins/FX/Niagara/Content/Functions/Localspace/SimulationPosition.uexp" 642
"../../../Engine/Plugins/FX/Niagara/Content/Enums/ENiagaraRandomnessMode.uasset" 643
"../../../Engine/Plugins/FX/Niagara/Content/Enums/ENiagaraRandomnessMode.uexp" 644
"../../../Engine/Plugins/FX/Niagara/Content/Enums/ENiagaraRandomnessEvaluation.uasset" 645
"../../../Engine/Plugins/FX/Niagara/Content/Enums/ENiagaraRandomnessEvaluation.uexp" 646
"../../../Engine/Plugins/FX/Niagara/Content/Functions/V2/CalculateRandomRangeInteger.uasset" 647
"../../../Engine/Plugins/FX/Niagara/Content/Functions/V2/CalculateRandomRangeInteger.uexp" 648
"../../../Engine/Plugins/FX/Niagara/Content/Functions/V2/CalculateRandomRangeFloat.uasset" 649
"../../../Engine/Plugins/FX/Niagara/Content/Functions/V2/CalculateRandomRangeFloat.uexp" 650
"../../../Engine/Plugins/FX/Niagara/Content/Functions/Localspace/TransformBase.uasset" 651
"../../../Engine/Plugins/FX/Niagara/Content/Functions/Localspace/TransformBase.uexp" 652
"../../../Engine/Plugins/FX/Niagara/Content/Functions/Localspace/TransformVector.uasset" 653
"../../../Engine/Plugins/FX/Niagara/Content/Functions/Localspace/TransformVector.uexp" 654
"../../../Engine/Plugins/FX/Niagara/Content/Enums/Ribbons/ENiagara_UnsetDirectSetRandom.uasset" 655
"../../../Engine/Plugins/FX/Niagara/Content/Enums/Ribbons/ENiagara_UnsetDirectSetRandom.uexp" 656
"../../../Engine/Plugins/FX/Niagara/Content/Enums/ENiagara_LifetimeMode.uasset" 657
"../../../Engine/Plugins/FX/Niagara/Content/Enums/ENiagara_LifetimeMode.uexp" 658
"../../../Engine/Plugins/FX/Niagara/Content/Functions/V2/CalculateRandomRange.uasset" 659
"../../../Engine/Plugins/FX/Niagara/Content/Functions/V2/CalculateRandomRange.uexp" 660
"../../../Engine/Plugins/FX/Niagara/Content/Functions/V2/CalculateRandomBool.uasset" 661
"../../../Engine/Plugins/FX/Niagara/Content/Functions/V2/CalculateRandomBool.uexp" 662
"../../../Engine/Plugins/FX/Niagara/Content/Enums/Ribbons/ENiagara_UnsetDirectSet.uasset" 663
"../../../Engine/Plugins/FX/Niagara/Content/Enums/Ribbons/ENiagara_UnsetDirectSet.uexp" 664
"../../../Engine/Plugins/FX/Niagara/Content/Enums/ENiagara_SpriteRotationMode.uasset" 665
"../../../Engine/Plugins/FX/Niagara/Content/Enums/ENiagara_SpriteRotationMode.uexp" 666
"../../../Engine/Plugins/FX/Niagara/Content/Enums/ENiagara_ColorInitializationMode.uasset" 667
"../../../Engine/Plugins/FX/Niagara/Content/Enums/ENiagara_ColorInitializationMode.uexp" 668
"../../../Engine/Plugins/FX/Niagara/Content/Functions/LinearColor/HueShiftLinearColor.uasset" 669
"../../../Engine/Plugins/FX/Niagara/Content/Functions/LinearColor/HueShiftLinearColor.uexp" 670
"../../../Engine/Plugins/FX/Niagara/Content/Enums/ENiagaraChannelCorrelation.uasset" 671
"../../../Engine/Plugins/FX/Niagara/Content/Enums/ENiagaraChannelCorrelation.uexp" 672
"../../../Engine/Plugins/FX/Niagara/Content/Modules/Spawn/Initialization/V2/InitializeParticle.uasset" 673
"../../../Engine/Plugins/FX/Niagara/Content/Modules/Spawn/Initialization/V2/InitializeParticle.uexp" 674
"../../../Engine/Plugins/FX/Niagara/Content/Enums/ENiagaraEmitterLifeCycleMode.uasset" 675
"../../../Engine/Plugins/FX/Niagara/Content/Enums/ENiagaraEmitterLifeCycleMode.uexp" 676
"../../../Engine/Plugins/FX/Niagara/Content/Functions/Emitter/EmitterChangeState.uasset" 677
"../../../Engine/Plugins/FX/Niagara/Content/Functions/Emitter/EmitterChangeState.uexp" 678
"../../../Engine/Plugins/FX/Niagara/Content/Enums/ENiagara_InfiniteLoopDuration.uasset" 679
"../../../Engine/Plugins/FX/Niagara/Content/Enums/ENiagara_InfiniteLoopDuration.uexp" 680
"../../../Engine/Plugins/FX/Niagara/Content/Enums/ENiagara_EmitterStateOptions.uasset" 681
"../../../Engine/Plugins/FX/Niagara/Content/Enums/ENiagara_EmitterStateOptions.uexp" 682
"../../../Engine/Plugins/FX/Niagara/Content/Enums/ENiagaraInactiveMode.uasset" 683
"../../../Engine/Plugins/FX/Niagara/Content/Enums/ENiagaraInactiveMode.uexp" 684
"../../../Engine/Plugins/FX/Niagara/Content/Enums/ENiagaraExecutionStateManagement.uasset" 685
"../../../Engine/Plugins/FX/Niagara/Content/Enums/ENiagaraExecutionStateManagement.uexp" 686
"../../../Engine/Plugins/FX/Niagara/Content/Enums/ENiagaraEmitterScalabilityMode_Limited.uasset" 687
"../../../Engine/Plugins/FX/Niagara/Content/Enums/ENiagaraEmitterScalabilityMode_Limited.uexp" 688
"../../../Engine/Plugins/FX/Niagara/Content/Modules/Emitter/EmitterState.uasset" 689
"../../../Engine/Plugins/FX/Niagara/Content/Modules/Emitter/EmitterState.uexp" 690
"D:/Unreal Projects/MetaSounds2/Content/Art/M_NiagaraBars.uasset" 691
"D:/Unreal Projects/MetaSounds2/Content/Art/M_NiagaraBars.uexp" 692
"../../../Engine/Plugins/FX/Niagara/Content/Modules/Emitter/SpawnBurst_Instantaneous.uasset" 693
"../../../Engine/Plugins/FX/Niagara/Content/Modules/Emitter/SpawnBurst_Instantaneous.uexp" 694
"../../../Engine/Plugins/FX/Niagara/Content/Enums/ENiagaraSystemInactiveMode.uasset" 695
"../../../Engine/Plugins/FX/Niagara/Content/Enums/ENiagaraSystemInactiveMode.uexp" 696
"../../../Engine/Plugins/FX/Niagara/Content/Functions/System/SystemChangeState.uasset" 697
"../../../Engine/Plugins/FX/Niagara/Content/Functions/System/SystemChangeState.uexp" 698
"../../../Engine/Plugins/FX/Niagara/Content/Modules/System/SystemState.uasset" 699
"../../../Engine/Plugins/FX/Niagara/Content/Modules/System/SystemState.uexp" 700
"../../../Engine/Plugins/FX/Niagara/Content/Functions/Math/SaturateFloat.uasset" 701
"../../../Engine/Plugins/FX/Niagara/Content/Functions/Math/SaturateFloat.uexp" 702
"../../../Engine/Plugins/FX/Niagara/Content/Icons/Modules/T_Icon_Particle_InfiniteLife.uasset" 703
"../../../Engine/Plugins/FX/Niagara/Content/Icons/Modules/T_Icon_Particle_InfiniteLife.uexp" 704
"../../../Engine/Plugins/FX/Niagara/Content/Modules/Update/Lifetime/ParticleState.uasset" 705
"../../../Engine/Plugins/FX/Niagara/Content/Modules/Update/Lifetime/ParticleState.uexp" 706
"D:/Unreal Projects/MetaSounds2/Content/Niagara/VisualizerOptimize/NS_VisualizerOptimize.uasset" 707
"D:/Unreal Projects/MetaSounds2/Content/Niagara/VisualizerOptimize/NS_VisualizerOptimize.uexp" 708
"../../../Engine/Content/BasicShapes/Sphere.ubulk" 709
"../../../Engine/Content/BasicShapes/Sphere.uasset" 710
"../../../Engine/Content/BasicShapes/Sphere.uexp" 711
"../../../Engine/Content/EditorBlueprintResources/StandardMacros.uasset" 712
"../../../Engine/Content/EditorBlueprintResources/StandardMacros.uexp" 713
"D:/Unreal Projects/MetaSounds2/Content/Blueprint/BP_VisualizerGPU_AudioSynesthesia.uasset" 714
"D:/Unreal Projects/MetaSounds2/Content/Blueprint/BP_VisualizerGPU_AudioSynesthesia.uexp" 715
"D:/Unreal Projects/MetaSounds2/Content/Blueprint/MIDI_Controller/F_InputKeys.uasset" 716
"D:/Unreal Projects/MetaSounds2/Content/Blueprint/MIDI_Controller/F_InputKeys.uexp" 717
"D:/Unreal Projects/MetaSounds2/Content/Blueprint/MIDI_Controller/DT_MIDINoteValue.uasset" 718
"D:/Unreal Projects/MetaSounds2/Content/Blueprint/MIDI_Controller/DT_MIDINoteValue.uexp" 719
"D:/Unreal Projects/MetaSounds2/Content/UserInterface/WBP_ObjectButtonPress1.uasset" 720
"D:/Unreal Projects/MetaSounds2/Content/UserInterface/WBP_ObjectButtonPress1.uexp" 721
"D:/Unreal Projects/MetaSounds2/Content/Sounds/MS_PianoSynthesizer.uasset" 722
"D:/Unreal Projects/MetaSounds2/Content/Sounds/MS_PianoSynthesizer.uexp" 723
"D:/Unreal Projects/MetaSounds2/Content/Niagara/VisualizerOptimize/NS_SynthesizerVisualizer.uasset" 724
"D:/Unreal Projects/MetaSounds2/Content/Niagara/VisualizerOptimize/NS_SynthesizerVisualizer.uexp" 725
"D:/Unreal Projects/MetaSounds2/Content/Blueprint/MIDI_Controller/BP_Synthesizer.uasset" 726
"D:/Unreal Projects/MetaSounds2/Content/Blueprint/MIDI_Controller/BP_Synthesizer.uexp" 727
"../../../Engine/Content/Maps/Entry_BuiltData.uasset" 728
"../../../Engine/Content/Maps/Entry_BuiltData.uexp" 729
"../../../Engine/Content/Maps/Entry.uexp" 730
"../../../Engine/Content/Maps/Entry.umap" 731
"D:/Unreal Projects/MetaSounds2/Content/Level/DefaultLevel_HLOD0_Instancing.uasset" 732
"D:/Unreal Projects/MetaSounds2/Content/Level/DefaultLevel_HLOD0_Instancing.uexp" 733
"D:/Unreal Projects/MetaSounds2/Content/Level/DefaultLevel.uexp" 734
"D:/Unreal Projects/MetaSounds2/Content/Level/DefaultLevel.ubulk" 735
"D:/Unreal Projects/MetaSounds2/Content/Level/DefaultLevel.umap" 736
"D:/Unreal Projects/MetaSounds2/Content/Level/DefaultLevel/_Generated_/DefaultLevel_MainGrid_L0_X0_Y-1_DL0.uexp" 737
"D:/Unreal Projects/MetaSounds2/Content/Level/DefaultLevel/_Generated_/DefaultLevel_MainGrid_L0_X0_Y-1_DL0.umap" 738
"D:/Unreal Projects/MetaSounds2/Content/Level/DefaultLevel/_Generated_/DefaultLevel_MainGrid_L2_X0_Y-1_DL0.uexp" 739
"D:/Unreal Projects/MetaSounds2/Content/Level/DefaultLevel/_Generated_/DefaultLevel_MainGrid_L2_X0_Y-1_DL0.ubulk" 740
"D:/Unreal Projects/MetaSounds2/Content/Level/DefaultLevel/_Generated_/DefaultLevel_MainGrid_L2_X0_Y-1_DL0.umap" 741
"D:/Unreal Projects/MetaSounds2/Content/Level/DefaultLevel/_Generated_/DefaultLevel_MainGrid_L1_X1_Y0_DL0.uexp" 742
"D:/Unreal Projects/MetaSounds2/Content/Level/DefaultLevel/_Generated_/DefaultLevel_MainGrid_L1_X1_Y0_DL0.ubulk" 743
"D:/Unreal Projects/MetaSounds2/Content/Level/DefaultLevel/_Generated_/DefaultLevel_MainGrid_L1_X1_Y0_DL0.umap" 744
"D:/Unreal Projects/MetaSounds2/Content/Level/DefaultLevel/_Generated_/DefaultLevel_MainGrid_L0_X0_Y0_DL0.uexp" 745
"D:/Unreal Projects/MetaSounds2/Content/Level/DefaultLevel/_Generated_/DefaultLevel_MainGrid_L0_X0_Y0_DL0.ubulk" 746
"D:/Unreal Projects/MetaSounds2/Content/Level/DefaultLevel/_Generated_/DefaultLevel_MainGrid_L0_X0_Y0_DL0.umap" 747
"D:/Unreal Projects/MetaSounds2/Content/Level/DefaultLevel/_Generated_/DefaultLevel_MainGrid_L1_X0_Y-2_DL0.uexp" 748
"D:/Unreal Projects/MetaSounds2/Content/Level/DefaultLevel/_Generated_/DefaultLevel_MainGrid_L1_X0_Y-2_DL0.ubulk" 749
"D:/Unreal Projects/MetaSounds2/Content/Level/DefaultLevel/_Generated_/DefaultLevel_MainGrid_L1_X0_Y-2_DL0.umap" 750
"D:/Unreal Projects/MetaSounds2/Content/Level/DefaultLevel/_Generated_/DefaultLevel_MainGrid_L1_X-1_Y0_DL0.uexp" 751
"D:/Unreal Projects/MetaSounds2/Content/Level/DefaultLevel/_Generated_/DefaultLevel_MainGrid_L1_X-1_Y0_DL0.ubulk" 752
"D:/Unreal Projects/MetaSounds2/Content/Level/DefaultLevel/_Generated_/DefaultLevel_MainGrid_L1_X-1_Y0_DL0.umap" 753
"D:/Unreal Projects/MetaSounds2/Content/Level/DefaultLevel/_Generated_/DefaultLevel_MainGrid_L1_X-2_Y0_DL0.uexp" 754
"D:/Unreal Projects/MetaSounds2/Content/Level/DefaultLevel/_Generated_/DefaultLevel_MainGrid_L1_X-2_Y0_DL0.ubulk" 755
"D:/Unreal Projects/MetaSounds2/Content/Level/DefaultLevel/_Generated_/DefaultLevel_MainGrid_L1_X-2_Y0_DL0.umap" 756
"D:/Unreal Projects/MetaSounds2/Content/Level/DefaultLevel/_Generated_/DefaultLevel_MainGrid_L2_X0_Y0_DL0.uexp" 757
"D:/Unreal Projects/MetaSounds2/Content/Level/DefaultLevel/_Generated_/DefaultLevel_MainGrid_L2_X0_Y0_DL0.ubulk" 758
"D:/Unreal Projects/MetaSounds2/Content/Level/DefaultLevel/_Generated_/DefaultLevel_MainGrid_L2_X0_Y0_DL0.umap" 759
"D:/Unreal Projects/MetaSounds2/Content/Level/DefaultLevel/_Generated_/DefaultLevel_MainGrid_L1_X-1_Y-2_DL0.uexp" 760
"D:/Unreal Projects/MetaSounds2/Content/Level/DefaultLevel/_Generated_/DefaultLevel_MainGrid_L1_X-1_Y-2_DL0.ubulk" 761
"D:/Unreal Projects/MetaSounds2/Content/Level/DefaultLevel/_Generated_/DefaultLevel_MainGrid_L1_X-1_Y-2_DL0.umap" 762
"D:/Unreal Projects/MetaSounds2/Content/Level/DefaultLevel/_Generated_/DefaultLevel_MainGrid_L1_X1_Y-2_DL0.uexp" 763
"D:/Unreal Projects/MetaSounds2/Content/Level/DefaultLevel/_Generated_/DefaultLevel_MainGrid_L1_X1_Y-2_DL0.ubulk" 764
"D:/Unreal Projects/MetaSounds2/Content/Level/DefaultLevel/_Generated_/DefaultLevel_MainGrid_L1_X1_Y-2_DL0.umap" 765
"D:/Unreal Projects/MetaSounds2/Content/Level/DefaultLevel/_Generated_/DefaultLevel_MainGrid_L2_X-1_Y0_DL0.uexp" 766
"D:/Unreal Projects/MetaSounds2/Content/Level/DefaultLevel/_Generated_/DefaultLevel_MainGrid_L2_X-1_Y0_DL0.ubulk" 767
"D:/Unreal Projects/MetaSounds2/Content/Level/DefaultLevel/_Generated_/DefaultLevel_MainGrid_L2_X-1_Y0_DL0.umap" 768
"D:/Unreal Projects/MetaSounds2/Content/Level/DefaultLevel/_Generated_/DefaultLevel_MainGrid_L1_X0_Y-1_DL0.uexp" 769
"D:/Unreal Projects/MetaSounds2/Content/Level/DefaultLevel/_Generated_/DefaultLevel_MainGrid_L1_X0_Y-1_DL0.ubulk" 770
"D:/Unreal Projects/MetaSounds2/Content/Level/DefaultLevel/_Generated_/DefaultLevel_MainGrid_L1_X0_Y-1_DL0.umap" 771
"D:/Unreal Projects/MetaSounds2/Content/Level/DefaultLevel/_Generated_/DefaultLevel_MainGrid_L1_X0_Y0_DL0.uexp" 772
"D:/Unreal Projects/MetaSounds2/Content/Level/DefaultLevel/_Generated_/DefaultLevel_MainGrid_L1_X0_Y0_DL0.ubulk" 773
"D:/Unreal Projects/MetaSounds2/Content/Level/DefaultLevel/_Generated_/DefaultLevel_MainGrid_L1_X0_Y0_DL0.umap" 774
"D:/Unreal Projects/MetaSounds2/Content/Level/DefaultLevel/_Generated_/DefaultLevel_MainGrid_L1_X0_Y1_DL0.uexp" 775
"D:/Unreal Projects/MetaSounds2/Content/Level/DefaultLevel/_Generated_/DefaultLevel_MainGrid_L1_X0_Y1_DL0.ubulk" 776
"D:/Unreal Projects/MetaSounds2/Content/Level/DefaultLevel/_Generated_/DefaultLevel_MainGrid_L1_X0_Y1_DL0.umap" 777
"D:/Unreal Projects/MetaSounds2/Content/Level/DefaultLevel/_Generated_/DefaultLevel_MainGrid_L1_X-1_Y1_DL0.uexp" 778
"D:/Unreal Projects/MetaSounds2/Content/Level/DefaultLevel/_Generated_/DefaultLevel_MainGrid_L1_X-1_Y1_DL0.ubulk" 779
"D:/Unreal Projects/MetaSounds2/Content/Level/DefaultLevel/_Generated_/DefaultLevel_MainGrid_L1_X-1_Y1_DL0.umap" 780
"D:/Unreal Projects/MetaSounds2/Content/Level/DefaultLevel/_Generated_/DefaultLevel_MainGrid_L1_X1_Y-1_DL0.uexp" 781
"D:/Unreal Projects/MetaSounds2/Content/Level/DefaultLevel/_Generated_/DefaultLevel_MainGrid_L1_X1_Y-1_DL0.ubulk" 782
"D:/Unreal Projects/MetaSounds2/Content/Level/DefaultLevel/_Generated_/DefaultLevel_MainGrid_L1_X1_Y-1_DL0.umap" 783
"D:/Unreal Projects/MetaSounds2/Content/Level/DefaultLevel/_Generated_/DefaultLevel_MainGrid_L1_X-1_Y-1_DL0.uexp" 784
"D:/Unreal Projects/MetaSounds2/Content/Level/DefaultLevel/_Generated_/DefaultLevel_MainGrid_L1_X-1_Y-1_DL0.ubulk" 785
"D:/Unreal Projects/MetaSounds2/Content/Level/DefaultLevel/_Generated_/DefaultLevel_MainGrid_L1_X-1_Y-1_DL0.umap" 786
"D:/Unreal Projects/MetaSounds2/Content/Level/DefaultLevel/_Generated_/DefaultLevel_MainGrid_L2_X-1_Y-1_DL0.uexp" 787
"D:/Unreal Projects/MetaSounds2/Content/Level/DefaultLevel/_Generated_/DefaultLevel_MainGrid_L2_X-1_Y-1_DL0.ubulk" 788
"D:/Unreal Projects/MetaSounds2/Content/Level/DefaultLevel/_Generated_/DefaultLevel_MainGrid_L2_X-1_Y-1_DL0.umap" 789
"D:/Unreal Projects/MetaSounds2/Content/Level/DefaultLevel/_Generated_/DefaultLevel_MainGrid_L1_X-2_Y1_DL0.uexp" 790
"D:/Unreal Projects/MetaSounds2/Content/Level/DefaultLevel/_Generated_/DefaultLevel_MainGrid_L1_X-2_Y1_DL0.ubulk" 791
"D:/Unreal Projects/MetaSounds2/Content/Level/DefaultLevel/_Generated_/DefaultLevel_MainGrid_L1_X-2_Y1_DL0.umap" 792
"D:/Unreal Projects/MetaSounds2/Content/Level/DefaultLevel/_Generated_/DefaultLevel_MainGrid_L1_X-2_Y-1_DL0.uexp" 793
"D:/Unreal Projects/MetaSounds2/Content/Level/DefaultLevel/_Generated_/DefaultLevel_MainGrid_L1_X-2_Y-1_DL0.ubulk" 794
"D:/Unreal Projects/MetaSounds2/Content/Level/DefaultLevel/_Generated_/DefaultLevel_MainGrid_L1_X-2_Y-1_DL0.umap" 795
"D:/Unreal Projects/MetaSounds2/Content/Level/DefaultLevel/_Generated_/DefaultLevel_MainGrid_L1_X1_Y1_DL0.uexp" 796
"D:/Unreal Projects/MetaSounds2/Content/Level/DefaultLevel/_Generated_/DefaultLevel_MainGrid_L1_X1_Y1_DL0.ubulk" 797
"D:/Unreal Projects/MetaSounds2/Content/Level/DefaultLevel/_Generated_/DefaultLevel_MainGrid_L1_X1_Y1_DL0.umap" 798
"D:/Unreal Projects/MetaSounds2/Content/Level/DefaultLevel/_Generated_/DefaultLevel_MainGrid_L1_X-2_Y-2_DL0.uexp" 799
"D:/Unreal Projects/MetaSounds2/Content/Level/DefaultLevel/_Generated_/DefaultLevel_MainGrid_L1_X-2_Y-2_DL0.ubulk" 800
"D:/Unreal Projects/MetaSounds2/Content/Level/DefaultLevel/_Generated_/DefaultLevel_MainGrid_L1_X-2_Y-2_DL0.umap" 801
